========================================
Время: 25-12-2025 12:07:06
========================================
Контейнер   Имя          CPU%       Память    Mem%       Сеть             Диск        PID  
--------------------------------------------------------------------------------------------------------
web1                 web1            0.00%      8.629MiB / 7.75 0.11%      8.16kB / 126B        1.43MB / 12.3kB 9    
web2                 web2            0.00%      7.551MiB / 7.75 0.10%      4.37kB / 126B        0B / 12.3kB     9    
db                   db              0.39%      4.602MiB / 7.75 0.06%      4.13kB / 126B        0B / 0B         6    

ИТОГО: 3 из 3 контейнеров активно
Следующее обновление через 60 секунд...

========================================
Время: 25-12-2025 12:08:11
========================================
Контейнер   Имя          CPU%       Память    Mem%       Сеть             Диск        PID  
--------------------------------------------------------------------------------------------------------
web1                 web1            0.00%      8.629MiB / 7.75 0.11%      8.16kB / 126B        1.43MB / 12.3kB 9    
web2                 web2            0.00%      7.551MiB / 7.75 0.10%      4.37kB / 126B        0B / 12.3kB     9    
db                   db              0.41%      4.602MiB / 7.75 0.06%      4.13kB / 126B        0B / 0B         6    

ИТОГО: 3 из 3 контейнеров активно
Следующее обновление через 60 секунд...

========================================
Время: 25-12-2025 12:09:16
========================================
Контейнер   Имя          CPU%       Память    Mem%       Сеть             Диск        PID  
--------------------------------------------------------------------------------------------------------
web1                 web1            0.00%      8.629MiB / 7.75 0.11%      8.16kB / 126B        1.43MB / 12.3kB 9    
web2                 web2            0.00%      7.551MiB / 7.75 0.10%      4.37kB / 126B        0B / 12.3kB     9    
db                   db              0.57%      4.602MiB / 7.75 0.06%      4.13kB / 126B        0B / 0B         6    

ИТОГО: 3 из 3 контейнеров активно
Следующее обновление через 60 секунд...

